<?xml version="1.0" encoding="UTF-8"?>
<testng-results ignored="0" total="6" passed="6" failed="0" skipped="0">
  <reporter-output>
  </reporter-output>
  <suite started-at="2022-03-08T10:25:48 IST" name="Suite" finished-at="2022-03-08T10:25:48 IST" duration-ms="58">
    <groups>
    </groups>
    <test started-at="2022-03-08T10:25:48 IST" name="Test" finished-at="2022-03-08T10:25:48 IST" duration-ms="58">
      <class name="gitsample.AutomationTest">
        <test-method signature="appium()[pri:0, instance:gitsample.AutomationTest@2bfc268b]" started-at="2022-03-08T10:25:48 IST" name="appium" finished-at="2022-03-08T10:25:48 IST" duration-ms="7" status="PASS">
          <reporter-output>
          </reporter-output>
        </test-method> <!-- appium -->
        <test-method signature="restAssured()[pri:0, instance:gitsample.AutomationTest@2bfc268b]" started-at="2022-03-08T10:25:48 IST" name="restAssured" finished-at="2022-03-08T10:25:48 IST" duration-ms="1" status="PASS">
          <reporter-output>
          </reporter-output>
        </test-method> <!-- restAssured -->
        <test-method signature="selenium()[pri:0, instance:gitsample.AutomationTest@2bfc268b]" started-at="2022-03-08T10:25:48 IST" name="selenium" finished-at="2022-03-08T10:25:48 IST" duration-ms="2" status="PASS">
          <reporter-output>
          </reporter-output>
        </test-method> <!-- selenium -->
      </class> <!-- gitsample.AutomationTest -->
      <class name="gitsample.ManualTest">
        <test-method signature="functional()[pri:0, instance:gitsample.ManualTest@4e096385]" started-at="2022-03-08T10:25:48 IST" name="functional" finished-at="2022-03-08T10:25:48 IST" duration-ms="1" status="PASS">
          <reporter-output>
          </reporter-output>
        </test-method> <!-- functional -->
        <test-method signature="integression()[pri:0, instance:gitsample.ManualTest@4e096385]" started-at="2022-03-08T10:25:48 IST" name="integression" finished-at="2022-03-08T10:25:48 IST" duration-ms="1" status="PASS">
          <reporter-output>
          </reporter-output>
        </test-method> <!-- integression -->
        <test-method signature="unit()[pri:0, instance:gitsample.ManualTest@4e096385]" started-at="2022-03-08T10:25:48 IST" name="unit" finished-at="2022-03-08T10:25:48 IST" duration-ms="1" status="PASS">
          <reporter-output>
          </reporter-output>
        </test-method> <!-- unit -->
      </class> <!-- gitsample.ManualTest -->
    </test> <!-- Test -->
  </suite> <!-- Suite -->
</testng-results>
