<?xml version="1.0" encoding="UTF-8"?>
<!-- Generated by org.testng.reporters.JUnitXMLReporter -->
<testsuite ignored="0" hostname="LAPTOP-14LBNTKC" failures="0" tests="6" name="Test" time="0.058" errors="0" timestamp="2022-03-08T10:25:48 IST">
  <testcase classname="gitsample.AutomationTest" name="appium" time="0.007"/>
  <testcase classname="gitsample.AutomationTest" name="restAssured" time="0.001"/>
  <testcase classname="gitsample.AutomationTest" name="selenium" time="0.002"/>
  <testcase classname="gitsample.ManualTest" name="functional" time="0.001"/>
  <testcase classname="gitsample.ManualTest" name="integression" time="0.001"/>
  <testcase classname="gitsample.ManualTest" name="unit" time="0.001"/>
</testsuite> <!-- Test -->
