<?xml version="1.0" encoding="UTF-8"?>
<!-- Generated by org.testng.reporters.JUnitXMLReporter -->
<testsuite hostname="LAPTOP-14LBNTKC" ignored="0" name="Command line test" tests="6" failures="0" timestamp="2022-03-08T10:41:52 IST" time="0.058" errors="0">
  <testcase name="appium" time="0.0" classname="gitsample.AutomationTest"/>
  <testcase name="restAssured" time="0.0" classname="gitsample.AutomationTest"/>
  <testcase name="selenium" time="0.0" classname="gitsample.AutomationTest"/>
  <testcase name="functional" time="0.0" classname="gitsample.ManualTest"/>
  <testcase name="integression" time="0.0" classname="gitsample.ManualTest"/>
  <testcase name="unit" time="0.0" classname="gitsample.ManualTest"/>
</testsuite> <!-- Command line test -->
