<?xml version="1.0" encoding="UTF-8"?>
<testng-results skipped="0" failed="0" ignored="0" total="6" passed="6">
  <reporter-output>
  </reporter-output>
  <suite name="Suite" duration-ms="38" started-at="2022-03-08T10:46:52 IST" finished-at="2022-03-08T10:46:52 IST">
    <groups>
    </groups>
    <test name="Test" duration-ms="38" started-at="2022-03-08T10:46:52 IST" finished-at="2022-03-08T10:46:52 IST">
      <class name="gitsample.AutomationTest">
        <test-method status="PASS" signature="appium()[pri:0, instance:gitsample.AutomationTest@67784306]" name="appium" duration-ms="7" started-at="2022-03-08T10:46:52 IST" finished-at="2022-03-08T10:46:52 IST">
          <reporter-output>
          </reporter-output>
        </test-method> <!-- appium -->
        <test-method status="PASS" signature="restAssured()[pri:0, instance:gitsample.AutomationTest@67784306]" name="restAssured" duration-ms="0" started-at="2022-03-08T10:46:52 IST" finished-at="2022-03-08T10:46:52 IST">
          <reporter-output>
          </reporter-output>
        </test-method> <!-- restAssured -->
        <test-method status="PASS" signature="selenium()[pri:0, instance:gitsample.AutomationTest@67784306]" name="selenium" duration-ms="0" started-at="2022-03-08T10:46:52 IST" finished-at="2022-03-08T10:46:52 IST">
          <reporter-output>
          </reporter-output>
        </test-method> <!-- selenium -->
      </class> <!-- gitsample.AutomationTest -->
      <class name="gitsample.ManualTest">
        <test-method status="PASS" signature="integression()[pri:0, instance:gitsample.ManualTest@7d907bac]" name="integression" duration-ms="0" started-at="2022-03-08T10:46:52 IST" finished-at="2022-03-08T10:46:52 IST">
          <reporter-output>
          </reporter-output>
        </test-method> <!-- integression -->
        <test-method status="PASS" signature="unit()[pri:0, instance:gitsample.ManualTest@7d907bac]" name="unit" duration-ms="0" started-at="2022-03-08T10:46:52 IST" finished-at="2022-03-08T10:46:52 IST">
          <reporter-output>
          </reporter-output>
        </test-method> <!-- unit -->
        <test-method status="PASS" signature="functional()[pri:0, instance:gitsample.ManualTest@7d907bac]" name="functional" duration-ms="0" started-at="2022-03-08T10:46:52 IST" finished-at="2022-03-08T10:46:52 IST">
          <reporter-output>
          </reporter-output>
        </test-method> <!-- functional -->
      </class> <!-- gitsample.ManualTest -->
    </test> <!-- Test -->
  </suite> <!-- Suite -->
</testng-results>
